[BD] 5936 0 0 0
[BD] 5724 0 0 0
[BD] 6660 0 0 0
[BD] 6330 0 0 0
[BD] 6266 0 0 0
[BD] 6208 0 0 0
[BD] 6339 0 0 0
[BD] 6479 0 0 0
[BD] 6051 0 0 0
[BD] 5980 0 0 0
[BD] 6366 0 0 0
[BD] 5979 0 0 0
[BD] 5983 0 0 0
[BD] 5771 0 0 0
[BD] 6318 0 0 0
[BD] 6232 0 0 0
[BD] 6047 0 0 0
[BD] 5928 0 0 0
[BD] 5981 0 0 0
[BD] 5792 0 0 0
[BD] 5708 0 0 0
[BD] 5760 0 0 0
[BD] 6178 0 0 0
[BD] 6044 0 0 0
[BD] 6099 0 0 0
[BD] 6215 0 0 0
[BD] 5431 0 0 0
[BD] 5822 0 0 0
[BD] 5843 0 0 0
[BD] 5716 0 0 0
[BD] 6124 0 0 0
[BD] 6117 0 0 0
[BD] 5809 0 0 0
[BD] 5976 0 0 0
[BD] 6109 0 0 0
[BD] 6194 0 0 0
[BD] 6490 0 0 0
[BD] 5711 0 0 0
[BD] 5601 0 0 0
[BD] 6411 0 0 0
[BD] 5873 0 0 0
[BD] 5888 0 0 0
[BD] 6125 0 0 0
[BD] 6335 0 0 0
[BD] 6221 0 0 0
[BD] 6183 0 0 0
[BD] 6505 0 0 0
[BD] 5871 0 0 0
[BD] 5702 0 0 0
[BD] 6119 0 0 0
[BD] 6150 0 0 0
[BD] 5760 0 0 0
[BD] 5899 0 0 0
[BD] 5977 0 0 0
[BD] 6102 0 0 0
[BD] 6070 0 0 0
[BD] 6142 0 0 0
[BD] 6426 0 0 0
[BD] 5946 0 0 0
[BD] 6395 0 0 0
[BD] 6209 0 0 0
[BD] 5974 0 0 0
[BD] 6056 0 0 0
[BD] 5726 0 0 0
[BD] 6085 0 0 0
[BD] 6025 0 0 0
[BD] 5830 0 0 0
[BD] 9370 0 0 0
[BD] 5610 0 0 0
[BD] 5839 0 0 0
[BD] 6255 0 0 0
[BD] 6182 0 0 0
[BD] 6074 0 0 0
[BD] 6425 0 0 0
[BD] 5562 0 0 0
[BD] 5637 0 0 0
[BD] 6437 0 0 0
[BD] 6052 0 0 0
[BD] 5632 0 0 0
[BD] 6336 0 0 0
[BD] 6162 0 0 0
[BD] 6188 0 0 0
[BD] 5476 0 0 0
[BD] 6723 0 0 0
[BD] 6030 0 0 0
[BD] 6368 0 0 0
[BD] 6367 0 0 0
[BD] 5296 0 0 0
[BD] 6007 0 0 0
[BD] 5965 0 0 0
[BD] 6422 0 0 0
[BD] 5661 0 0 0
[BD] 6154 0 0 0
[BREAKDOWN_END]
polling_client: done

$ /polling_client.bin -d -t 4 -m direct_t4

[client] mode=direct_t4 shm_id=0 threads=4 direct=1 empty=0
[client] file created, sleeping 1s...
