c[?7l[2J[0mSeaBIOS (version rel-1.16.2-14-g1e1da7a96300-prebuilt.qemu.org)


iPXE (http://ipxe.org) 00:02.0 CA00 PCI2.10 PnP PMM+7EFD0BC0+7EF30BC0 CA00
Press Ctrl-B to configure iPXE (PCI 00:02.0)...                                                                               


Booting from Hard Disk...
Boot failed: could not read the boot disk

Booting from DVD/CD...
[2J[INFO] [ChCore] uart init finished
[INFO] [Multiboot2 INFO] Detect framebuffer type RGB, width = 640, height = 480, depth = 32, addr = 0xfd000000
[INFO] [Multiboot2 INFO] Found old acpi tag, size = 28, rsdp = 0xffffff00072004e8
[INFO] [ChCore] parse multiboot2 info finished
[INFO] [ChCore] framebuffer console init finished
[INFO] [ACPI INFO] ACPI version 1.0, use COMMON RSDP and RSDT
[INFO] [MADT INFO] [Local APIC] ProcessorID [0], APIC ID[0], flags[1]
[INFO] [MADT INFO] [Local APIC] ProcessorID [1], APIC ID[1], flags[1]
[INFO] [MADT INFO] [Local APIC] ProcessorID [2], APIC ID[2], flags[1]
[INFO] [MADT INFO] [Local APIC] ProcessorID [3], APIC ID[3], flags[1]
[INFO] [MADT INFO] [Local APIC] ProcessorID [4], APIC ID[4], flags[1]
[INFO] [MADT INFO] [Local APIC] ProcessorID [5], APIC ID[5], flags[1]
[INFO] [MADT INFO] [Local APIC] ProcessorID [6], APIC ID[6], flags[1]
[INFO] [MADT INFO] [Local APIC] ProcessorID [7], APIC ID[7], flags[1]
[INFO] [MADT INFO] [Local APIC] ProcessorID [8], APIC ID[8], flags[1]
[INFO] [MADT INFO] [Local APIC] ProcessorID [9], APIC ID[9], flags[1]
[INFO] [MADT INFO] [Local APIC] ProcessorID [10], APIC ID[10], flags[1]
[INFO] [MADT INFO] [Local APIC] ProcessorID [11], APIC ID[11], flags[1]
[INFO] [MADT INFO] [Local APIC] ProcessorID [12], APIC ID[12], flags[1]
[INFO] [MADT INFO] [Local APIC] ProcessorID [13], APIC ID[13], flags[1]
[INFO] [MADT INFO] [Local APIC] ProcessorID [14], APIC ID[14], flags[1]
[INFO] [MADT INFO] [Local APIC] ProcessorID [15], APIC ID[15], flags[1]
[INFO] [MADT INFO] [Local APIC] ProcessorID [16], APIC ID[16], flags[1]
[INFO] [MADT INFO] [Local APIC] ProcessorID [17], APIC ID[17], flags[1]
[INFO] [MADT INFO] [Local APIC] ProcessorID [18], APIC ID[18], flags[1]
[INFO] [MADT INFO] [Local APIC] ProcessorID [19], APIC ID[19], flags[1]
[INFO] [ACPI] [NFIT] table not found
[INFO] [SRAT INFO] [MEM AFF] address: 0x0, size: a0000, prox_domain=0
[INFO] [SRAT INFO] [MEM AFF] address: 0x100000, size: 7ff00000, prox_domain=0
[INFO] [SRAT INFO] [MEM AFF] address: 0x100000000, size: 80000000, prox_domain=0
[INFO] [SRAT INFO] [MEM AFF] address: 0x180000000, size: 1000000000, prox_domain=0
[INFO] [ChCore] parse acpi info finished
[INFO] [ChCore] per cpu info init finished
[INFO] [ChCore] cpu frequency=(Dec)3609741743
[INFO] [ChCore] interrupt init finished
[INFO] [ChCore] SYSCALL init finished
[INFO] start_addr = 0x0, end_addr = 0x9fc00, type = 0x1
[INFO] start_addr = 0x9fc00, end_addr = 0xa0000, type = 0x2
[INFO] start_addr = 0xf0000, end_addr = 0x100000, type = 0x2
[INFO] start_addr = 0x100000, end_addr = 0x7ffdf000, type = 0x1
[INFO] start_addr = 0x7ffdf000, end_addr = 0x80000000, type = 0x2
[INFO] start_addr = 0xb0000000, end_addr = 0xc0000000, type = 0x2
[INFO] start_addr = 0xfed1c000, end_addr = 0xfed20000, type = 0x2
[INFO] start_addr = 0xfeffc000, end_addr = 0xff000000, type = 0x2
[INFO] start_addr = 0xfffc0000, end_addr = 0x100000000, type = 0x2
[INFO] start_addr = 0x100000000, end_addr = 0x180000000, type = 0x1
[INFO] Use dram memory: 0x100000000 - 0x180000000
[INFO] meta=ffffff0100000000, meta->state=1, meta->ownerid=1024
[INFO] meta=ffffff0100000000, meta->state=1, meta->ownerid=1024
[INFO] [ChCore] mm init finished
[INFO] General Protection Fault
[INFO] Faulting Address: 0x0
[INFO] Current thread 0
[INFO] Trap from 0xffffffffc01135eb EC 0 Trap No. 13
[INFO] DS 0xc208ed60, CS 0x10, RSP 0xffffffffc0109030, SS 0x18
[INFO] rax: 0x706b0, rdx: 0x80010031, rdi: 0x0
[INFO] rcx: 0x65
QEMU: Terminated
