perf_cfork_time[PERF_CFORK_KVS_CKPT]: 6.3 ms
perf_cfork_time[PERF_CFORK_PREPARE]: 57.0 ms
perf_cfork_time[PERF_CFORK_STOP_ALL_THREADS]: 8.2 ms
perf_cfork_time[PERF_CFORK_CKPT]: 14.3 ms
perf_cfork_time[PERF_CFORK_CKPT_OBJECTS_OTHER]: 0 us
perf_cfork_time[PERF_CFORK_CKPT_OBJECTS_CAP_GROUP]: 9.7 ms
perf_cfork_time[PERF_CFORK_CKPT_OBJECTS_THREAD]: 4.6 ms
perf_cfork_time[PERF_CFORK_KVS_RESTORE]: 0 us
perf_cfork_time[PERF_CFORK_RESTORE]: 0 us
perf_cfork_time[PERF_CFORK_START_ALL_THREADS]: 0 us

$ perf_cfork_time[PERF_CFORK_KVS_CKPT]: 0 us  
perf_cfork_time[PERF_CFORK_PREPARE]: 0 us
perf_cfork_time[PERF_CFORK_STOP_ALL_THREADS]: 0 us
perf_cfork_time[PERF_CFORK_CKPT]: 0 us
perf_cfork_time[PERF_CFORK_CKPT_OBJECTS_OTHER]: 0 us
perf_cfork_time[PERF_CFORK_CKPT_OBJECTS_CAP_GROUP]: 0 us
perf_cfork_time[PERF_CFORK_CKPT_OBJECTS_THREAD]: 0 us
perf_cfork_time[PERF_CFORK_KVS_RESTORE]: 29 us
perf_cfork_time[PERF_CFORK_RESTORE]: 52 us
perf_cfork_time[PERF_CFORK_START_ALL_THREADS]: 0 us
[INFO] recycle /test_cfork_restore.bin done
library: 4.2 s


spawn ./build/simulate.sh 0
vm_id: 0, qemu: qemu-6.2-system-x86_64, qemu_options: -gdb tcp::35200 --enable-kvm -M q35 -name chcore-0 -m 128G -object memory-backend-file,size=16G,share=on,mem-path=/dev/shm/ivshmem-wfn,id=hostmem -device ivshmem-plain,memdev=hostmem -cpu host -smp 24 -serial mon:stdio -nographic -cdrom ./build/chcore.iso
c[?7l[2J[0mSeaBIOS (version rel-1.15.0-0-g2dd4b9b3f840-prebuilt.qemu.org)



iPXE (http://ipxe.org) 00:02.0 CA00 PCI2.10 PnP PMM+7FF91120+7FEF1120 CA00

Press Ctrl-B to configure iPXE (PCI 00:02.0)...
                                                                               



Booting from Hard Disk...

Boot failed: could not read the boot disk


Booting from DVD/CD...

[2J
[INFO] [Multiboot2 INFO] Detect framebuffer type RGB, width = 640, height = 480, depth = 32, addr = 0xfd000000

[INFO] [Multiboot2 INFO] Found old acpi tag, size = 28, rsdp = 0xffffff0023e004e8

[INFO] [ChCore] framebuffer console init finished

[INFO] [ACPI INFO] ACPI version 1.0, use COMMON RSDP and RSDT

[INFO] [ACPI] [CEDT] table not found

[INFO] [ACPI] [NFIT] table not found

[INFO] [ACPI] [SRAT] table not found

[INFO] [ChCore] cpu frequency=(Dec)2100259220

[INFO] start_addr = 0x0, end_addr = 0x9fc00, type = 0x1

[INFO] start_addr = 0x9fc00, end_addr = 0xa0000, type = 0x2

[INFO] start_addr = 0xf0000, end_addr = 0x100000, type = 0x2

[INFO] start_addr = 0x100000, end_addr = 0x7ffdf000, type = 0x1

[INFO] start_addr = 0x7ffdf000, end_addr = 0x80000000, type = 0x2

[INFO] start_addr = 0xb0000000, end_addr = 0xc0000000, type = 0x2

[INFO] start_addr = 0xfed1c000, end_addr = 0xfed20000, type = 0x2

[INFO] start_addr = 0xfeffc000, end_addr = 0xff000000, type = 0x2

[INFO] start_addr = 0xfffc0000, end_addr = 0x100000000, type = 0x2

[INFO] start_addr = 0x100000000, end_addr = 0x2080000000, type = 0x1

[INFO] fill kernel page table range: 1 - 82

[INFO] map range: 0x40000000 - 0x80000000

[INFO] Use dram memory: 0x100000000 - 0x2080000000

[INFO] mem pool type 0, free_mem_start: 0x100000000, free_mem_end: 0x140000000

[INFO] [ACPI] [MCFG INFO] address: 0xb0000000, pci_seg: 0, start_bus_n=0, end_bus_n=255

[PCI] [0000:00:00.0] find device [8086:29c0]

[WARN] file:/home/wfn/chcore-cxl/kernel/drivers/pci/pci.c pci_cfg_space_size: need to check if it is a PCIE device

[PCI] [0000:00:01.0] find device [1234:1111]

[PCI] [0000:00:02.0] find device [8086:10d3]

[PCI] [0000:00:03.0] find device [1af4:1110]

[PCI] [0000:00:1f.0] find device [8086:2918]

[PCI] [0000:00:1f.2] find device [8086:2922]

[PCI] [0000:00:1f.3] find device [8086:2930]

[PCI] [IVSHMEM] [0] iopa=0x2400000000, iova=0xffffff2400000000, iosize=0x400000000

[INFO] fill kernel page table range: 90 - a0

[INFO] map range: 0x0 - 0x0

[INFO] [DSM] machine 0 local memory range: 140000000-340000000

[INFO] mem pool type 0, free_mem_start: 0x140000000, free_mem_end: 0x340000000

[INFO] [DSM] machine 0 local memory range: 140000000-340000000

[INFO] [31m
[DSM] machine 0 (cpu0 - cpu11) join the cluster!

[0m[INFO] [SHM] Use 0x2400009000 - 0x2800000000

[INFO] mem pool type 3, free_mem_start: 0x2400009000, free_mem_end: 0x2800000000

[INFO] [ChCore] create initial thread done

[WARN] SYS_rt_sigprocmask is not implemented.

User Init: booting fs server (FSMGR and real FS) 

procmgr_launch_basprocmgr_launch_basic_server[procmgr] register server value = 0

ic_server

[procmgr] Launching tmpfs...

procmgr_launch_basic_server

[WARN] SYS_rt_sigprocmask is not implemented.

[procmgr] Launching fsm...

User Init: booting network server

[fsm] Mounting fs from local binary: /tmpfs.srv...

[fsm] Mounting TMPFS, cap = 13

[fsm] TMPFS is up, with cap = 13

[[WtmARpNfs]]  S[YSt_mrptf_ss]i grpergoicsmtaesrk  isse rnvoetr  ivmapllueem e=n t0e
d
.

[fsm] [FSM] register server value = 0

[procmgr] Launching lwip...

[lwip] Host at 192.168.0.3 mask 255.255.255.0 gateway 192.168.0.1

[WARN] SYS_rt_sigprocmask is not implemented.

[lwip] TCP/IP initialized.

[lwip] Add netif 0x5000007feea0

[lwip] register server value = 0

[procmgr] Launching chcore-shell...

[WARN] SYS_rt_sigprocmask is not implemented.



 ______     __  __     ______     __  __     ______     __         __        

/\  ___\   /\ \_\ \   /\  ___\   /\ \_\ \   /\  ___\   /\ \       /\ \       

\ \ \____  \ \  __ \  \ \___  \  \ \  __ \  \ \  __\   \ \ \____  \ \ \____  

 \ \_____\  \ \_\ \_\  \/\_____\  \ \_\ \_\  \ \_____\  \ \_____\  \ \_____\ 

  \/_____/   \/_/\/_/   \/_____/   \/_/\/_/   \/_____/   \/_____/   \/_____/ 





Welcome to ChCore shell!

$ pca.bin -c 500 -r 500 -t 2 & 

[procmgr] Launching /pca.bin -c 500 -r 500 -t 2...



$ Number of rows = 500

Number of cols = 500

Max value for each element = 100

Memory malloc type=0

Number of threads=2

PCA Mean: Calling MapReduce Scheduler

initialize: 4678

[WARN] SYS_rt_sigprocmask is not implemented.

[WARN] SYS_madvise is not implemented.

PCA Mean: MapReduce Completed

PCA Cov: Calling MapReduce Scheduler

inter library: 926

test_cfork_prepare.bin pca.bin & 

[procmgr] Launching /test_cfork_prepare.bin pca.bin...



$ [cfork] checkpoint program: pca.bin

Thread ffffff014a208e58	Type: USER	State: TS_RUNNING   	Exit State: TE_STOPPING	CPU 0	AFF 0	 FPU 0	Budget 1	Prio: 1	IP: 407a66	CMD: /pca.bin

Thread ffffff014a209a58	Type: USER	State: TS_WAITING   	Exit State: TE_STOPPED	CPU 1	AFF 1	 FPU -1	Budget 1	Prio: 1	IP: 415889	CMD: /pca.bin

Thread ffffff014a209658	Type: USER	State: TS_INTER     	Exit State: TE_STOPPED	CPU 0	AFF 0	 FPU -1	Budget 1	Prio: 1	IP: 40236f	CMD: /pca.bin

Thread ffffff014a208e58	Type: USER	State: TS_RUNNING   	Exit State: TE_STOPPED	CPU 0	AFF 0	 FPU -1	Budget 0	Prio: 1	IP: 40809a	CMD: /pca.bin

Thread ffffff014a209258	Type: SHADOW	State: TS_WAITING_IPC	Exit State: TE_RUNNING	CPU 3	AFF -1	 FPU -1	Budget -1	Prio: 1	IP: 40341f	CMD: /procmgr.srv

Thread ffffff014a208e58	Type: USER	State: TS_RUNNING   	Exit State: TE_STOPPED	CPU 0	AFF 0	 FPU -1	Budget 0	Prio: 1	IP: 40809a	CMD: /pca.bin

perf_cfork_time[PERF_CFORK_KVS_CKPT]: 6359 us

perf_cfork_time[PERF_CFORK_PREPARE]: 57051 us

perf_cfork_time[PERF_CFORK_STOP_ALL_THREADS]: 8203 us

perf_cfork_time[PERF_CFORK_CKPT]: 14362 us

perf_cfork_time[PERF_CFORK_CKPT_OBJECTS_OTHER]: 0 us

perf_cfork_time[PERF_CFORK_CKPT_OBJECTS_CAP_GROUP]: 9731 us

perf_cfork_time[PERF_CFORK_CKPT_OBJECTS_THREAD]: 4631 us

perf_cfork_time[PERF_CFORK_KVS_RESTORE]: 0 us

perf_cfork_time[PERF_CFORK_RESTORE]: 0 us

perf_cfork_time[PERF_CFORK_START_ALL_THREADS]: 0 us

[INFO] recycle /test_cfork_prepare.bin done


vm_id: 1, qemu: qemu-6.2-systvm_id: 1, qemu: qemu-6.2-system-x86_64, qemu_options: -gdb tcp::37178 --enable-kvm -M q35 -name chcore-1 -m 128G -object memory-backend-file,size=16G,share=on,mem-path=/dev/shm/ivshmem-wfn,id=hostmem -device ivshmem-plain,memdev=hostmem -cpu host -smp 24 -serial mon:stdio -nographc[?7l[2J[0mSeaBIOS (version rel-1.15.0-0-g2dd4b9b3f840-prebuilt.qemu.org)


iPXE (http://ipxe.org) 00:02.0 CA00 PCI2.10 PnP PMM+7FF91120+7FEF1120 CA00
Press Ctrl-B to configure iPXE (PCI 00:02.0)...
                                                                               


Booting from Hard Disk...
Boot failed: could not read the boot disk

Booting from DVD/CD...
[2J
[INFO] [Multiboot2 INFO] Detect framebuffer type RGB, width = 640, height = 480, depth = 32, addr = 0xfd000000
[INFO] [Multiboot2 INFO] Found old acpi tag, size = 28, rsdp = 0xffffff0023e004e8
[INFO] [ChCore] framebuffer console init finished
[INFO] [ACPI INFO] ACPI version 1.0, use COMMON RSDP and RSDT
[INFO] [ACPI] [CEDT] table not found
[INFO] [ACPI] [NFIT] table not found
[INFO] [ACPI] [SRAT] table not found
[INFO] [ChCore] cpu frequency=(Dec)2100296945
[INFO] start_addr = 0x0, end_addr = 0x9fc00, type = 0x1
[INFO] start_addr = 0x9fc00, end_addr = 0xa0000, type = 0x2
[INFO] start_addr = 0xf0000, end_addr = 0x100000, type = 0x2
[INFO] start_addr = 0x100000, end_addr = 0x7ffdf000, type = 0x1
[INFO] start_addr = 0x7ffdf000, end_addr = 0x80000000, type = 0x2
[INFO] start_addr = 0xb0000000, end_addr = 0xc0000000, type = 0x2
[INFO] start_addr = 0xfed1c000, end_addr = 0xfed20000, type = 0x2
[INFO] start_addr = 0xfeffc000, end_addr = 0xff000000, type = 0x2
[INFO] start_addr = 0xfffc0000, end_addr = 0x100000000, type = 0x2
[INFO] start_addr = 0x100000000, end_addr = 0x2080000000, type = 0x1
[INFO] fill kernel page table range: 1 - 82
[INFO] map range: 0x40000000 - 0x80000000
[INFO] Use dram memory: 0x100000000 - 0x2080000000
[INFO] mem pool type 0, free_mem_start: 0x100000000, free_mem_end: 0x140000000
[INFO] [ACPI] [MCFG INFO] address: 0xb0000000, pci_seg: 0, start_bus_n=0, end_bus_n=255
[PCI] [0000:00:00.0] find device [8086:29c0]
[WARN] file:/home/wfn/chcore-cxl/kernel/drivers/pci/pci.c pci_cfg_space_size: need to check if it is a PCIE device
[PCI] [0000:00:01.0] find device [1234:1111]
[PCI] [0000:00:02.0] find device [8086:10d3]
[PCI] [0000:00:03.0] find device [1af4:1110]
[PCI] [0000:00:1f.0] find device [8086:2918]
[PCI] [0000:00:1f.2] find device [8086:2922]
[PCI] [0000:00:1f.3] find device [8086:2930]
[PCI] [IVSHMEM] [0] iopa=0x2400000000, iova=0xffffff2400000000, iosize=0x400000000
[INFO] fill kernel page table range: 90 - a0
[INFO] map range: 0x0 - 0x0
[INFO] [DSM] machine 1 local memory range: 340000000-540000000
[INFO] mem pool type 0, free_mem_start: 0x340000000, free_mem_end: 0x540000000
[INFO] [DSM] machine 1 local memory range: 340000000-540000000
[INFO] [31m
[DSM] machine 1 (cpu12 - cpu23) join the cluster!
[0m[INFO] [SHM] Use 0x2400009000 - 0x2800000000
[INFO] [DSM] cxl mem pool has been inited
[INFO] [ChCore] create initial thread done
[WARN] SYS_rt_sigprocmask is not implemented.
User Init: booting fs server (FSMGR and real FS) 
procmgr_launchprocmgr_launch_basic_server[procmgr] register server value = 0
_basic_server
[procmgr] Launching tmpfs...
procmgr_launch_basic_server
[WARN] SYS_rt_sigprocmask is not implemented.
[procmgr] Launching fsm...
User Init: booting network server
[fsm] Mounting fs from local binary: /tmpfs.srv...
[fsm] Mounting TMPFS, cap = 13
[fsm] TMPFS is up, with cap = 13
[[tmWApRfsN]]  [StYmSp_frst]_ srieggpirstoecrm assekr viesr  nvoatl uiem p=l e0m
e
nted.
[fsm] [FSM] register server value = 0
[procmgr] Launching lwip...
[lwip] Host at 192.168.0.3 mask 255.255.255.0 gateway 192.168.0.1
[WARN] SYS_rt_sigprocmask is not implemented.
[lwip] TCP/IP initialized.
[lwip] Add netif 0x5000007feea0
[lwip] regis[prtoecrm gsre]r vLearu nvcahliuneg  =c h0c
o
re-shell...
[WARN] SYS_rt_sigprocmask is not implemented.

 ______     __  __     ______     __  __     ______     __         __        
/\  ___\   /\ \_\ \   /\  ___\   /\ \_\ \   /\  ___\   /\ \       /\ \       
\ \ \____  \ \  __ \  \ \___  \  \ \  __ \  \ \  __\   \ \ \____  \ \ \____  
 \ \_____\  \ \_\ \_\  \/\_____\  \ \_\ \_\  \ \_____\  \ \_____\  \ \_____\ 
  \/_____/   \/_/\/_/   \/_____/   \/_/\/_/   \/_____/   \/_____/   \/_____/ 


Welcome to ChCore shell!
$ test_cfork_restore.bin pca.bin & 
[procmgr] Launching /test_cfork_restore.bin pca.bin...

$ perf_cfork_time[PERF_CFORK_KVS_CKPT]: 0 us
perf_cfork_time[PERF_CFORK_PREPARE]: 0 us
perf_cfork_time[PERF_CFORK_STOP_ALL_THREADS]: 0 us
perf_cfork_time[PERF_CFORK_CKPT]: 0 us
perf_cfork_time[PERF_CFORK_CKPT_OBJECTS_OTHER]: 0 us
perf_cfork_time[PERF_CFORK_CKPT_OBJECTS_CAP_GROUP]: 0 us
perf_cfork_time[PERF_CFORK_CKPT_OBJECTS_THREAD]: 0 us
perf_cfork_time[PERF_CFORK_KVS_RESTORE]: 29 us
perf_cfork_time[PERF_CFORK_RESTORE]: 52 us
perf_cfork_time[PERF_CFORK_START_ALL_THREADS]: 0 us
[INFO] recycle /test_cfork_restore.bin done
library: 4294412977


