spawn ./build/simulate.sh 1
vm_id: 1, qemu: qemu-6.2-system-x86_64, qemu_options: -gdb tcp::35101 --enable-kvm -M q35 -name chcore-1 -m 32G -object memory-backend-file,size=32G,share=on,mem-path=/dev/shm/ivshmem-wfn,id=hostmem -device ivshmem-plain,memdev=hostmem -object memory-backend-file,size=16G,share=on,mem-path=/dev/shm/ivshmem-conn-wfn,id=hostfs -device ivshmem-plain,memdev=hostfs -cpu host -smp 12 -serial mon:stdio -nographic -cdrom ./build/chcore.iso
c[?7l[2J[0mSeaBIOS (version rel-1.15.0-0-g2dd4b9b3f840-prebuilt.qemu.org)



iPXE (http://ipxe.org) 00:02.0 CA00 PCI2.10 PnP PMM+7FF910D0+7FEF10D0 CA00

Press Ctrl-B to configure iPXE (PCI 00:02.0)...
                                                                               



Booting from Hard Disk...

Boot failed: could not read the boot disk


Booting from DVD/CD...

[2J
[INFO] [Multiboot2 INFO] Detect framebuffer type RGB, width = 640, height = 480, depth = 32, addr = 0xfd000000

[INFO] [Multiboot2 INFO] Found old acpi tag, size = 28, rsdp = 0xffffff002ba004e8

[INFO] [ChCore] framebuffer console init finished

[INFO] [ACPI INFO] ACPI version 1.0, use COMMON RSDP and RSDT

[INFO] [ACPI] [CEDT] table not found

[INFO] [ACPI] [NFIT] table not found

[INFO] [ACPI] [SRAT] table not found

[INFO] [ChCore] cpu frequency=(Dec)2100263990

[INFO] start_addr = 0x0, end_addr = 0x9fc00, type = 0x1

[INFO] start_addr = 0x9fc00, end_addr = 0xa0000, type = 0x2

[INFO] start_addr = 0xf0000, end_addr = 0x100000, type = 0x2

[INFO] start_addr = 0x100000, end_addr = 0x7ffdf000, type = 0x1

[INFO] start_addr = 0x7ffdf000, end_addr = 0x80000000, type = 0x2

[INFO] start_addr = 0xb0000000, end_addr = 0xc0000000, type = 0x2

[INFO] start_addr = 0xfed1c000, end_addr = 0xfed20000, type = 0x2

[INFO] start_addr = 0xfeffc000, end_addr = 0xff000000, type = 0x2

[INFO] start_addr = 0xfffc0000, end_addr = 0x100000000, type = 0x2

[INFO] start_addr = 0x100000000, end_addr = 0x880000000, type = 0x1

[INFO] fill kernel page table range: 1 - 22

[INFO] map range: 0x40000000 - 0x80000000

[INFO] Use dram memory: 0x100000000 - 0x880000000

[INFO] mem pool type 0, free_mem_start: 0x100000000, free_mem_end: 0x140000000

[INFO] [ACPI] [MCFG INFO] address: 0xb0000000, pci_seg: 0, start_bus_n=0, end_bus_n=255

[PCI] [0000:00:00.0] find device [8086:29c0]

[WARN] file:/home/wfn/chcore-cxl/kernel/drivers/pci/pci.c pci_cfg_space_size: need to check if it is a PCIE device

[PCI] [0000:00:01.0] find device [1234:1111]

[PCI] [0000:00:02.0] find device [8086:10d3]

[PCI] [0000:00:03.0] find device [1af4:1110]

[PCI] [0000:00:04.0] find device [1af4:1110]

[PCI] [0000:00:1f.0] find device [8086:2918]

[PCI] [0000:00:1f.2] find device [8086:2922]

[PCI] [0000:00:1f.3] find device [8086:2930]

[PCI] [IVSHMEM] [0] iopa=0x1800000000, iova=0xffffff1800000000, iosize=0x400000000

[INFO] fill kernel page table range: 60 - 70

[INFO] map range: 0x0 - 0x0

[PCI] [IVSHMEM] [0] magic "match hostfs"

[PCI] [IVSHMEM] [1] iopa=0x1000000000, iova=0xffffff1000000000, iosize=0x800000000

[INFO] fill kernel page table range: 40 - 60

[INFO] map range: 0x0 - 0x0

[INFO] [DSM] machine 1 local memory range: 340000000-540000000

[INFO] mem pool type 0, free_mem_start: 0x340000000, free_mem_end: 0x540000000

[INFO] [DSM] machine 1 local memory range: 340000000-540000000

[INFO] [31m
[DSM] machine 1 (cpu12 - cpu23) join the cluster!

[0m[INFO] [SHM] Use 0x1000009000 - 0x1800000000

[INFO] [DSM] cxl mem pool has been inited

[INFO] list hostfs file info

[PCI] [HOSTFS] /host/: file_num=1

[PCI] [HOSTFS] /host/twitter-2010.bin: offset=1000, size=2bc2bcbf0

[INFO] [ChCore] create initial thread done

[WARN] SYS_rt_sigprocmask is not implemented.

User Init: Ubsoer oItniintg:  fbso osteirnvge rf s( FsSeMrGvRe ra n(dF SrMeGaRl  aFnSd)  r
e
al FS) [procmgr] register server value = 0

procmgr_launch_basic_server

[procmgr] Launching tmpfs... (is_cross_machine: 0)

procmgr_launch_basic_s[WARN] SYS_rt_sigprocmask is not implemented.

erver

[procmgr] Launching fsm... (is_cross_machine: 0)

User Init: booting network server

[fsm] Mounting fs from local binary: /tmpfs.srv...

[fsm] Mounting TMPFS, cap = 13

[fsm] TMPFS is up, with cap = 13

[t[mWpAfRsN]]  [StYmS_prfts_]s irgepgriosctmears ks eirsv enro tv ailmupel e=m e0n
t
ed.

[fsm] [FSM] register server value = 0

[procmgr] Launching lwip... (is_cross_machine: 0)

[lwip] Host at 192.168.0.3 mask 255.255.255.0 gateway 192.168.0.1

[procmgr] Launching chcore-shell... (is_cross_machine: 0)

[WARN] SYS_rt_sigprocmask is not implemented.



[WARN] SYS_rt_sigprocmask is not implemented.

[lwip] TCP/IP initialized.

[lwip] Add netif 0x5000007feea0

[lwip] register server value = 0

 ______     __  __     ______     __  __     ______     __         __        

/\  ___\   /\ \_\ \   /\  ___\   /\ \_\ \   /\  ___\   /\ \       /\ \       

\ \ \____  \ \  __ \  \ \___  \  \ \  __ \  \ \  __\   \ \ \____  \ \ \____  

 \ \_____\  \ \_\ \_\  \/\_____\  \ \_\ \_\  \ \_____\  \ \_____\  \ \_____\ 

  \/_____/   \/_/\/_/   \/_____/   \/_/\/_/   \/_____/   \/_____/   \/_____/ 





Welcome to ChCore shell!

$ test_cfork_restore.bin test_float.bin & 



[procmgr] Launching /test_cfork_restore.bin test_float.bin... (is_cross_machine: 0)



$ perf_restore_time[RESTORE]: 0 ns

perf_restore_time[RESTORE_KVS]: 27608 ns

perf_restore_time[RESTORE_PROMOTE_THREADS]: 45962 ns

perf_restore_time[RESTORE_START_ALL_THREADS]: 369 ns

Time: 12.7159 seconds

done
